{"D:\\Documents\\8th_semester\\WDP301\\HeathMate_8thsem\\healthmate-backend-public\\src\\routes\\ingredient\\ingredient.controller.ts": {"path":"D:\\Documents\\8th_semester\\WDP301\\HeathMate_8thsem\\healthmate-backend-public\\src\\routes\\ingredient\\ingredient.controller.ts","statementMap":{"0":{"start":{"line":1,"column":0},"end":{"line":1,"column":88}},"1":{"start":{"line":2,"column":0},"end":{"line":2,"column":55}},"2":{"start":{"line":4,"column":0},"end":{"line":4,"column":59}},"3":{"start":{"line":6,"column":0},"end":{"line":6,"column":75}},"4":{"start":{"line":7,"column":0},"end":{"line":7,"column":33}},"5":{"start":{"line":8,"column":0},"end":{"line":8,"column":105}},"6":{"start":{"line":11,"column":7},"end":{"line":60,"column":null}},"7":{"start":{"line":12,"column":33},"end":{"line":12,"column":52}},"8":{"start":{"line":16,"column":8},"end":{"line":16,"column":42}},"9":{"start":{"line":17,"column":8},"end":{"line":17,"column":null}},"10":{"start":{"line":23,"column":8},"end":{"line":23,"column":79}},"11":{"start":{"line":29,"column":8},"end":{"line":29,"column":79}},"12":{"start":{"line":39,"column":8},"end":{"line":39,"column":69}},"13":{"start":{"line":49,"column":8},"end":{"line":49,"column":90}},"14":{"start":{"line":58,"column":8},"end":{"line":58,"column":83}},"15":{"start":{"line":11,"column":13},"end":{"line":11,"column":33}},"16":{"start":{"line":15,"column":10},"end":{"line":18,"column":null}},"17":{"start":{"line":22,"column":10},"end":{"line":24,"column":null}},"18":{"start":{"line":28,"column":10},"end":{"line":30,"column":null}},"19":{"start":{"line":34,"column":10},"end":{"line":40,"column":null}},"20":{"start":{"line":43,"column":10},"end":{"line":50,"column":null}},"21":{"start":{"line":53,"column":10},"end":{"line":59,"column":null}},"22":{"start":{"line":11,"column":13},"end":{"line":60,"column":null}}},"fnMap":{"0":{"name":"(anonymous_4)","decl":{"start":{"line":12,"column":4},"end":{"line":12,"column":33}},"loc":{"start":{"line":12,"column":69},"end":{"line":12,"column":73}}},"1":{"name":"(anonymous_5)","decl":{"start":{"line":15,"column":10},"end":{"line":15,"column":27}},"loc":{"start":{"line":15,"column":27},"end":{"line":18,"column":5}}},"2":{"name":"(anonymous_6)","decl":{"start":{"line":22,"column":10},"end":{"line":22,"column":26}},"loc":{"start":{"line":22,"column":100},"end":{"line":24,"column":5}}},"3":{"name":"(anonymous_7)","decl":{"start":{"line":28,"column":10},"end":{"line":28,"column":27}},"loc":{"start":{"line":28,"column":145},"end":{"line":30,"column":5}}},"4":{"name":"(anonymous_8)","decl":{"start":{"line":34,"column":10},"end":{"line":34,"column":26}},"loc":{"start":{"line":37,"column":48},"end":{"line":40,"column":5}}},"5":{"name":"(anonymous_9)","decl":{"start":{"line":43,"column":10},"end":{"line":43,"column":26}},"loc":{"start":{"line":47,"column":48},"end":{"line":50,"column":5}}},"6":{"name":"(anonymous_10)","decl":{"start":{"line":53,"column":10},"end":{"line":53,"column":26}},"loc":{"start":{"line":56,"column":48},"end":{"line":59,"column":5}}}},"branchMap":{"0":{"loc":{"start":{"line":15,"column":31},"end":{"line":15,"column":null}},"type":"cond-expr","locations":[{"start":{"line":15,"column":38},"end":{"line":15,"column":null}},{"start":{"line":15,"column":38},"end":{"line":15,"column":null}}]},"1":{"loc":{"start":{"line":15,"column":31},"end":{"line":15,"column":38}},"type":"binary-expr","locations":[{"start":{"line":15,"column":31},"end":{"line":15,"column":null}},{"start":{"line":15,"column":31},"end":{"line":15,"column":38}}]},"2":{"loc":{"start":{"line":22,"column":43},"end":{"line":22,"column":57}},"type":"cond-expr","locations":[{"start":{"line":22,"column":54},"end":{"line":22,"column":57}},{"start":{"line":22,"column":54},"end":{"line":22,"column":57}}]},"3":{"loc":{"start":{"line":22,"column":43},"end":{"line":22,"column":54}},"type":"binary-expr","locations":[{"start":{"line":22,"column":43},"end":{"line":22,"column":57}},{"start":{"line":22,"column":43},"end":{"line":22,"column":54}}]},"4":{"loc":{"start":{"line":22,"column":54},"end":{"line":22,"column":103}},"type":"cond-expr","locations":[{"start":{"line":22,"column":100},"end":{"line":22,"column":103}},{"start":{"line":22,"column":100},"end":{"line":22,"column":103}}]},"5":{"loc":{"start":{"line":22,"column":54},"end":{"line":22,"column":100}},"type":"binary-expr","locations":[{"start":{"line":22,"column":54},"end":{"line":22,"column":92}},{"start":{"line":22,"column":86},"end":{"line":22,"column":100}}]},"6":{"loc":{"start":{"line":22,"column":103},"end":{"line":22,"column":null}},"type":"cond-expr","locations":[{"start":{"line":22,"column":110},"end":{"line":22,"column":null}},{"start":{"line":22,"column":110},"end":{"line":22,"column":null}}]},"7":{"loc":{"start":{"line":22,"column":103},"end":{"line":22,"column":110}},"type":"binary-expr","locations":[{"start":{"line":22,"column":103},"end":{"line":22,"column":null}},{"start":{"line":22,"column":103},"end":{"line":22,"column":110}}]},"8":{"loc":{"start":{"line":28,"column":44},"end":{"line":28,"column":58}},"type":"cond-expr","locations":[{"start":{"line":28,"column":55},"end":{"line":28,"column":58}},{"start":{"line":28,"column":55},"end":{"line":28,"column":58}}]},"9":{"loc":{"start":{"line":28,"column":44},"end":{"line":28,"column":55}},"type":"binary-expr","locations":[{"start":{"line":28,"column":44},"end":{"line":28,"column":58}},{"start":{"line":28,"column":44},"end":{"line":28,"column":55}}]},"10":{"loc":{"start":{"line":28,"column":55},"end":{"line":28,"column":105}},"type":"cond-expr","locations":[{"start":{"line":28,"column":102},"end":{"line":28,"column":105}},{"start":{"line":28,"column":102},"end":{"line":28,"column":105}}]},"11":{"loc":{"start":{"line":28,"column":55},"end":{"line":28,"column":102}},"type":"binary-expr","locations":[{"start":{"line":28,"column":55},"end":{"line":28,"column":94}},{"start":{"line":28,"column":88},"end":{"line":28,"column":102}}]},"12":{"loc":{"start":{"line":28,"column":148},"end":{"line":28,"column":null}},"type":"cond-expr","locations":[{"start":{"line":28,"column":155},"end":{"line":28,"column":null}},{"start":{"line":28,"column":155},"end":{"line":28,"column":null}}]},"13":{"loc":{"start":{"line":28,"column":148},"end":{"line":28,"column":155}},"type":"binary-expr","locations":[{"start":{"line":28,"column":148},"end":{"line":28,"column":null}},{"start":{"line":28,"column":148},"end":{"line":28,"column":155}}]},"14":{"loc":{"start":{"line":35,"column":22},"end":{"line":35,"column":null}},"type":"cond-expr","locations":[{"start":{"line":35,"column":45},"end":{"line":35,"column":null}},{"start":{"line":35,"column":45},"end":{"line":35,"column":null}}]},"15":{"loc":{"start":{"line":35,"column":22},"end":{"line":35,"column":45}},"type":"binary-expr","locations":[{"start":{"line":35,"column":22},"end":{"line":35,"column":null}},{"start":{"line":35,"column":22},"end":{"line":35,"column":45}}]},"16":{"loc":{"start":{"line":35,"column":45},"end":{"line":36,"column":null}},"type":"cond-expr","locations":[{"start":{"line":36,"column":52},"end":{"line":36,"column":null}},{"start":{"line":36,"column":52},"end":{"line":36,"column":null}}]},"17":{"loc":{"start":{"line":35,"column":45},"end":{"line":36,"column":52}},"type":"binary-expr","locations":[{"start":{"line":35,"column":45},"end":{"line":36,"column":44}},{"start":{"line":36,"column":38},"end":{"line":36,"column":52}}]},"18":{"loc":{"start":{"line":38,"column":7},"end":{"line":38,"column":null}},"type":"cond-expr","locations":[{"start":{"line":38,"column":14},"end":{"line":38,"column":null}},{"start":{"line":38,"column":14},"end":{"line":38,"column":null}}]},"19":{"loc":{"start":{"line":38,"column":7},"end":{"line":38,"column":14}},"type":"binary-expr","locations":[{"start":{"line":38,"column":7},"end":{"line":38,"column":null}},{"start":{"line":38,"column":7},"end":{"line":38,"column":14}}]},"20":{"loc":{"start":{"line":44,"column":25},"end":{"line":44,"column":null}},"type":"cond-expr","locations":[{"start":{"line":44,"column":44},"end":{"line":44,"column":null}},{"start":{"line":44,"column":44},"end":{"line":44,"column":null}}]},"21":{"loc":{"start":{"line":44,"column":25},"end":{"line":44,"column":44}},"type":"binary-expr","locations":[{"start":{"line":44,"column":25},"end":{"line":44,"column":null}},{"start":{"line":44,"column":25},"end":{"line":44,"column":44}}]},"22":{"loc":{"start":{"line":44,"column":44},"end":{"line":45,"column":null}},"type":"cond-expr","locations":[{"start":{"line":45,"column":45},"end":{"line":45,"column":null}},{"start":{"line":45,"column":45},"end":{"line":45,"column":null}}]},"23":{"loc":{"start":{"line":44,"column":44},"end":{"line":45,"column":45}},"type":"binary-expr","locations":[{"start":{"line":44,"column":44},"end":{"line":45,"column":null}},{"start":{"line":45,"column":22},"end":{"line":45,"column":45}}]},"24":{"loc":{"start":{"line":45,"column":45},"end":{"line":46,"column":null}},"type":"cond-expr","locations":[{"start":{"line":46,"column":52},"end":{"line":46,"column":null}},{"start":{"line":46,"column":52},"end":{"line":46,"column":null}}]},"25":{"loc":{"start":{"line":45,"column":45},"end":{"line":46,"column":52}},"type":"binary-expr","locations":[{"start":{"line":45,"column":45},"end":{"line":46,"column":44}},{"start":{"line":46,"column":38},"end":{"line":46,"column":52}}]},"26":{"loc":{"start":{"line":48,"column":7},"end":{"line":48,"column":null}},"type":"cond-expr","locations":[{"start":{"line":48,"column":14},"end":{"line":48,"column":null}},{"start":{"line":48,"column":14},"end":{"line":48,"column":null}}]},"27":{"loc":{"start":{"line":48,"column":7},"end":{"line":48,"column":14}},"type":"binary-expr","locations":[{"start":{"line":48,"column":7},"end":{"line":48,"column":null}},{"start":{"line":48,"column":7},"end":{"line":48,"column":14}}]},"28":{"loc":{"start":{"line":54,"column":25},"end":{"line":54,"column":null}},"type":"cond-expr","locations":[{"start":{"line":54,"column":44},"end":{"line":54,"column":null}},{"start":{"line":54,"column":44},"end":{"line":54,"column":null}}]},"29":{"loc":{"start":{"line":54,"column":25},"end":{"line":54,"column":44}},"type":"binary-expr","locations":[{"start":{"line":54,"column":25},"end":{"line":54,"column":null}},{"start":{"line":54,"column":25},"end":{"line":54,"column":44}}]},"30":{"loc":{"start":{"line":54,"column":44},"end":{"line":55,"column":null}},"type":"cond-expr","locations":[{"start":{"line":55,"column":52},"end":{"line":55,"column":null}},{"start":{"line":55,"column":52},"end":{"line":55,"column":null}}]},"31":{"loc":{"start":{"line":54,"column":44},"end":{"line":55,"column":52}},"type":"binary-expr","locations":[{"start":{"line":54,"column":44},"end":{"line":55,"column":44}},{"start":{"line":55,"column":38},"end":{"line":55,"column":52}}]},"32":{"loc":{"start":{"line":57,"column":7},"end":{"line":57,"column":null}},"type":"cond-expr","locations":[{"start":{"line":57,"column":14},"end":{"line":57,"column":null}},{"start":{"line":57,"column":14},"end":{"line":57,"column":null}}]},"33":{"loc":{"start":{"line":57,"column":7},"end":{"line":57,"column":14}},"type":"binary-expr","locations":[{"start":{"line":57,"column":7},"end":{"line":57,"column":null}},{"start":{"line":57,"column":7},"end":{"line":57,"column":14}}]},"34":{"loc":{"start":{"line":12,"column":52},"end":{"line":12,"column":72}},"type":"cond-expr","locations":[{"start":{"line":12,"column":69},"end":{"line":12,"column":72}},{"start":{"line":12,"column":69},"end":{"line":12,"column":72}}]},"35":{"loc":{"start":{"line":12,"column":52},"end":{"line":12,"column":69}},"type":"binary-expr","locations":[{"start":{"line":12,"column":52},"end":{"line":12,"column":72}},{"start":{"line":12,"column":52},"end":{"line":12,"column":69}}]}},"s":{"0":2,"1":2,"2":2,"3":2,"4":2,"5":2,"6":2,"7":18,"8":1,"9":1,"10":1,"11":5,"12":2,"13":2,"14":2,"15":2,"16":2,"17":2,"18":2,"19":2,"20":2,"21":2,"22":2},"f":{"0":18,"1":1,"2":1,"3":5,"4":2,"5":2,"6":2},"b":{"0":[2,0],"1":[2,2],"2":[2,0],"3":[2,2],"4":[2,0],"5":[2,2],"6":[2,0],"7":[2,2],"8":[2,0],"9":[2,2],"10":[2,0],"11":[2,2],"12":[2,0],"13":[2,2],"14":[2,0],"15":[2,2],"16":[2,0],"17":[2,2],"18":[2,0],"19":[2,2],"20":[2,0],"21":[2,2],"22":[2,0],"23":[2,2],"24":[2,0],"25":[2,2],"26":[2,0],"27":[2,2],"28":[2,0],"29":[2,2],"30":[2,0],"31":[2,2],"32":[2,0],"33":[2,2],"34":[2,0],"35":[2,2]}}
,"D:\\Documents\\8th_semester\\WDP301\\HeathMate_8thsem\\healthmate-backend-public\\src\\routes\\ingredient\\ingredient.dto.ts": {"path":"D:\\Documents\\8th_semester\\WDP301\\HeathMate_8thsem\\healthmate-backend-public\\src\\routes\\ingredient\\ingredient.dto.ts","statementMap":{"0":{"start":{"line":1,"column":0},"end":{"line":1,"column":42}},"1":{"start":{"line":2,"column":0},"end":{"line":2,"column":132}},"2":{"start":{"line":4,"column":0},"end":{"line":4,"column":13}},"3":{"start":{"line":6,"column":0},"end":{"line":6,"column":13}},"4":{"start":{"line":8,"column":0},"end":{"line":8,"column":13}}},"fnMap":{},"branchMap":{},"s":{"0":2,"1":2,"2":2,"3":2,"4":2},"f":{},"b":{}}
,"D:\\Documents\\8th_semester\\WDP301\\HeathMate_8thsem\\healthmate-backend-public\\src\\routes\\ingredient\\ingredient.error.ts": {"path":"D:\\Documents\\8th_semester\\WDP301\\HeathMate_8thsem\\healthmate-backend-public\\src\\routes\\ingredient\\ingredient.error.ts","statementMap":{"0":{"start":{"line":1,"column":0},"end":{"line":1,"column":69}},"1":{"start":{"line":5,"column":8},"end":{"line":8,"column":11}},"2":{"start":{"line":3,"column":0},"end":{"line":3,"column":13}},"3":{"start":{"line":14,"column":8},"end":{"line":17,"column":11}},"4":{"start":{"line":12,"column":0},"end":{"line":12,"column":13}}},"fnMap":{"0":{"name":"(anonymous_0)","decl":{"start":{"line":4,"column":4},"end":{"line":4,"column":16}},"loc":{"start":{"line":4,"column":58},"end":{"line":9,"column":5}}},"1":{"name":"(anonymous_1)","decl":{"start":{"line":13,"column":4},"end":{"line":13,"column":16}},"loc":{"start":{"line":13,"column":80},"end":{"line":18,"column":5}}}},"branchMap":{"0":{"loc":{"start":{"line":4,"column":16},"end":{"line":4,"column":58}},"type":"default-arg","locations":[{"start":{"line":4,"column":26},"end":{"line":4,"column":58}}]},"1":{"loc":{"start":{"line":13,"column":16},"end":{"line":13,"column":80}},"type":"default-arg","locations":[{"start":{"line":13,"column":26},"end":{"line":13,"column":80}}]}},"s":{"0":4,"1":7,"2":4,"3":8,"4":4},"f":{"0":7,"1":8},"b":{"0":[1],"1":[1]}}
,"D:\\Documents\\8th_semester\\WDP301\\HeathMate_8thsem\\healthmate-backend-public\\src\\routes\\ingredient\\ingredient.module.ts": {"path":"D:\\Documents\\8th_semester\\WDP301\\HeathMate_8thsem\\healthmate-backend-public\\src\\routes\\ingredient\\ingredient.module.ts","statementMap":{"0":{"start":{"line":1,"column":0},"end":{"line":1,"column":40}},"1":{"start":{"line":2,"column":0},"end":{"line":2,"column":63}},"2":{"start":{"line":3,"column":0},"end":{"line":3,"column":57}},"3":{"start":{"line":4,"column":0},"end":{"line":4,"column":51}},"4":{"start":{"line":5,"column":0},"end":{"line":5,"column":48}},"5":{"start":{"line":6,"column":0},"end":{"line":6,"column":72}},"6":{"start":{"line":7,"column":0},"end":{"line":7,"column":62}},"7":{"start":{"line":20,"column":7},"end":{"line":20,"column":null}},"8":{"start":{"line":20,"column":13},"end":{"line":20,"column":29}},"9":{"start":{"line":20,"column":13},"end":{"line":20,"column":null}}},"fnMap":{},"branchMap":{},"s":{"0":1,"1":1,"2":1,"3":1,"4":1,"5":1,"6":1,"7":1,"8":1,"9":1},"f":{},"b":{}}
,"D:\\Documents\\8th_semester\\WDP301\\HeathMate_8thsem\\healthmate-backend-public\\src\\routes\\ingredient\\ingredient.repo.ts": {"path":"D:\\Documents\\8th_semester\\WDP301\\HeathMate_8thsem\\healthmate-backend-public\\src\\routes\\ingredient\\ingredient.repo.ts","statementMap":{"0":{"start":{"line":1,"column":0},"end":{"line":1,"column":44}},"1":{"start":{"line":2,"column":0},"end":{"line":2,"column":47}},"2":{"start":{"line":3,"column":0},"end":{"line":3,"column":40}},"3":{"start":{"line":5,"column":0},"end":{"line":5,"column":76}},"4":{"start":{"line":9,"column":7},"end":{"line":123,"column":null}},"5":{"start":{"line":11,"column":42},"end":{"line":11,"column":59}},"6":{"start":{"line":15,"column":4},"end":{"line":15,"column":57}},"7":{"start":{"line":19,"column":4},"end":{"line":19,"column":86}},"8":{"start":{"line":23,"column":4},"end":{"line":23,"column":52}},"9":{"start":{"line":27,"column":4},"end":{"line":27,"column":46}},"10":{"start":{"line":36,"column":17},"end":{"line":36,"column":35}},"11":{"start":{"line":38,"column":4},"end":{"line":43,"column":5}},"12":{"start":{"line":39,"column":6},"end":{"line":42,"column":8}},"13":{"start":{"line":45,"column":26},"end":{"line":52,"column":6}},"14":{"start":{"line":54,"column":4},"end":{"line":60,"column":6}},"15":{"start":{"line":64,"column":4},"end":{"line":64,"column":67}},"16":{"start":{"line":74,"column":17},"end":{"line":74,"column":35}},"17":{"start":{"line":75,"column":4},"end":{"line":75,"column":30}},"18":{"start":{"line":77,"column":4},"end":{"line":82,"column":5}},"19":{"start":{"line":78,"column":6},"end":{"line":81,"column":8}},"20":{"start":{"line":84,"column":26},"end":{"line":92,"column":6}},"21":{"start":{"line":94,"column":4},"end":{"line":100,"column":6}},"22":{"start":{"line":107,"column":4},"end":{"line":109,"column":14}},"23":{"start":{"line":113,"column":4},"end":{"line":113,"column":62}},"24":{"start":{"line":117,"column":4},"end":{"line":117,"column":58}},"25":{"start":{"line":121,"column":4},"end":{"line":121,"column":62}},"26":{"start":{"line":9,"column":13},"end":{"line":9,"column":27}},"27":{"start":{"line":9,"column":13},"end":{"line":123,"column":null}}},"fnMap":{"0":{"name":"(anonymous_4)","decl":{"start":{"line":10,"column":2},"end":{"line":10,"column":null}},"loc":{"start":{"line":11,"column":84},"end":{"line":12,"column":6}}},"1":{"name":"(anonymous_5)","decl":{"start":{"line":14,"column":2},"end":{"line":14,"column":7}},"loc":{"start":{"line":14,"column":46},"end":{"line":16,"column":3}}},"2":{"name":"(anonymous_6)","decl":{"start":{"line":18,"column":2},"end":{"line":18,"column":7}},"loc":{"start":{"line":18,"column":53},"end":{"line":20,"column":3}}},"3":{"name":"(anonymous_7)","decl":{"start":{"line":22,"column":2},"end":{"line":22,"column":7}},"loc":{"start":{"line":22,"column":35},"end":{"line":24,"column":3}}},"4":{"name":"(anonymous_8)","decl":{"start":{"line":26,"column":2},"end":{"line":26,"column":7}},"loc":{"start":{"line":26,"column":15},"end":{"line":28,"column":3}}},"5":{"name":"(anonymous_9)","decl":{"start":{"line":30,"column":2},"end":{"line":30,"column":7}},"loc":{"start":{"line":34,"column":19},"end":{"line":61,"column":3}}},"6":{"name":"(anonymous_10)","decl":{"start":{"line":63,"column":2},"end":{"line":63,"column":7}},"loc":{"start":{"line":63,"column":43},"end":{"line":65,"column":3}}},"7":{"name":"(anonymous_11)","decl":{"start":{"line":67,"column":2},"end":{"line":67,"column":7}},"loc":{"start":{"line":72,"column":19},"end":{"line":101,"column":3}}},"8":{"name":"(anonymous_12)","decl":{"start":{"line":103,"column":2},"end":{"line":103,"column":7}},"loc":{"start":{"line":105,"column":29},"end":{"line":110,"column":3}}},"9":{"name":"(anonymous_13)","decl":{"start":{"line":112,"column":2},"end":{"line":112,"column":7}},"loc":{"start":{"line":112,"column":33},"end":{"line":114,"column":3}}},"10":{"name":"(anonymous_14)","decl":{"start":{"line":116,"column":2},"end":{"line":116,"column":7}},"loc":{"start":{"line":116,"column":35},"end":{"line":118,"column":3}}},"11":{"name":"(anonymous_15)","decl":{"start":{"line":120,"column":2},"end":{"line":120,"column":7}},"loc":{"start":{"line":120,"column":39},"end":{"line":122,"column":3}}}},"branchMap":{"0":{"loc":{"start":{"line":33,"column":4},"end":{"line":33,"column":20}},"type":"default-arg","locations":[{"start":{"line":33,"column":18},"end":{"line":33,"column":20}}]},"1":{"loc":{"start":{"line":38,"column":4},"end":{"line":43,"column":5}},"type":"if","locations":[{"start":{"line":38,"column":4},"end":{"line":43,"column":5}},{"start":{},"end":{}}]},"2":{"loc":{"start":{"line":71,"column":4},"end":{"line":71,"column":20}},"type":"default-arg","locations":[{"start":{"line":71,"column":18},"end":{"line":71,"column":20}}]},"3":{"loc":{"start":{"line":77,"column":4},"end":{"line":82,"column":5}},"type":"if","locations":[{"start":{"line":77,"column":4},"end":{"line":82,"column":5}},{"start":{},"end":{}}]},"4":{"loc":{"start":{"line":116,"column":19},"end":{"line":116,"column":35}},"type":"default-arg","locations":[{"start":{"line":116,"column":33},"end":{"line":116,"column":35}}]},"5":{"loc":{"start":{"line":120,"column":23},"end":{"line":120,"column":39}},"type":"default-arg","locations":[{"start":{"line":120,"column":37},"end":{"line":120,"column":39}}]},"6":{"loc":{"start":{"line":11,"column":59},"end":{"line":11,"column":84}},"type":"cond-expr","locations":[{"start":{"line":11,"column":64},"end":{"line":11,"column":84}},{"start":{"line":11,"column":64},"end":{"line":11,"column":84}}]},"7":{"loc":{"start":{"line":11,"column":59},"end":{"line":11,"column":64}},"type":"binary-expr","locations":[{"start":{"line":11,"column":59},"end":{"line":11,"column":84}},{"start":{"line":11,"column":59},"end":{"line":11,"column":64}}]}},"s":{"0":4,"1":4,"2":4,"3":4,"4":4,"5":25,"6":1,"7":1,"8":2,"9":1,"10":2,"11":2,"12":1,"13":2,"14":2,"15":2,"16":4,"17":4,"18":4,"19":1,"20":4,"21":4,"22":2,"23":1,"24":2,"25":2,"26":4,"27":4},"f":{"0":25,"1":1,"2":1,"3":2,"4":1,"5":2,"6":2,"7":4,"8":2,"9":1,"10":2,"11":2},"b":{"0":[0],"1":[1,1],"2":[0],"3":[1,3],"4":[1],"5":[1],"6":[4,0],"7":[4,4]}}
,"D:\\Documents\\8th_semester\\WDP301\\HeathMate_8thsem\\healthmate-backend-public\\src\\routes\\ingredient\\ingredient.service.ts": {"path":"D:\\Documents\\8th_semester\\WDP301\\HeathMate_8thsem\\healthmate-backend-public\\src\\routes\\ingredient\\ingredient.service.ts","statementMap":{"0":{"start":{"line":1,"column":0},"end":{"line":1,"column":44}},"1":{"start":{"line":2,"column":0},"end":{"line":2,"column":45}},"2":{"start":{"line":4,"column":0},"end":{"line":4,"column":31}},"3":{"start":{"line":5,"column":0},"end":{"line":5,"column":49}},"4":{"start":{"line":8,"column":0},"end":{"line":8,"column":85}},"5":{"start":{"line":9,"column":0},"end":{"line":9,"column":64}},"6":{"start":{"line":10,"column":0},"end":{"line":10,"column":33}},"7":{"start":{"line":11,"column":0},"end":{"line":11,"column":51}},"8":{"start":{"line":15,"column":7},"end":{"line":249,"column":null}},"9":{"start":{"line":17,"column":25},"end":{"line":17,"column":41}},"10":{"start":{"line":18,"column":37},"end":{"line":18,"column":48}},"11":{"start":{"line":22,"column":8},"end":{"line":24,"column":9}},"12":{"start":{"line":23,"column":12},"end":{"line":23,"column":78}},"13":{"start":{"line":28,"column":21},"end":{"line":28,"column":36}},"14":{"start":{"line":29,"column":8},"end":{"line":29,"column":42}},"15":{"start":{"line":30,"column":28},"end":{"line":39,"column":11}},"16":{"start":{"line":30,"column":50},"end":{"line":39,"column":10}},"17":{"start":{"line":40,"column":8},"end":{"line":40,"column":49}},"18":{"start":{"line":41,"column":8},"end":{"line":41,"column":null}},"19":{"start":{"line":42,"column":8},"end":{"line":42,"column":59}},"20":{"start":{"line":45,"column":55},"end":{"line":45,"column":58}},"21":{"start":{"line":47,"column":28},"end":{"line":47,"column":30}},"22":{"start":{"line":48,"column":8},"end":{"line":50,"column":9}},"23":{"start":{"line":49,"column":12},"end":{"line":49,"column":31}},"24":{"start":{"line":53,"column":8},"end":{"line":55,"column":9}},"25":{"start":{"line":54,"column":12},"end":{"line":54,"column":60}},"26":{"start":{"line":58,"column":8},"end":{"line":62,"column":9}},"27":{"start":{"line":59,"column":12},"end":{"line":59,"column":105}},"28":{"start":{"line":60,"column":15},"end":{"line":62,"column":9}},"29":{"start":{"line":61,"column":12},"end":{"line":61,"column":82}},"30":{"start":{"line":64,"column":8},"end":{"line":84,"column":9}},"31":{"start":{"line":65,"column":27},"end":{"line":65,"column":98}},"32":{"start":{"line":67,"column":12},"end":{"line":69,"column":13}},"33":{"start":{"line":68,"column":16},"end":{"line":68,"column":96}},"34":{"start":{"line":71,"column":12},"end":{"line":77,"column":14}},"35":{"start":{"line":79,"column":12},"end":{"line":81,"column":13}},"36":{"start":{"line":80,"column":16},"end":{"line":80,"column":28}},"37":{"start":{"line":82,"column":12},"end":{"line":82,"column":90}},"38":{"start":{"line":83,"column":12},"end":{"line":83,"column":59}},"39":{"start":{"line":88,"column":49},"end":{"line":88,"column":52}},"40":{"start":{"line":90,"column":8},"end":{"line":107,"column":9}},"41":{"start":{"line":91,"column":27},"end":{"line":91,"column":107}},"42":{"start":{"line":93,"column":12},"end":{"line":101,"column":13}},"43":{"start":{"line":94,"column":16},"end":{"line":100,"column":18}},"44":{"start":{"line":103,"column":12},"end":{"line":103,"column":26}},"45":{"start":{"line":105,"column":12},"end":{"line":105,"column":100}},"46":{"start":{"line":106,"column":12},"end":{"line":106,"column":66}},"47":{"start":{"line":111,"column":8},"end":{"line":149,"column":9}},"48":{"start":{"line":113,"column":12},"end":{"line":115,"column":13}},"49":{"start":{"line":114,"column":16},"end":{"line":114,"column":76}},"50":{"start":{"line":118,"column":39},"end":{"line":118,"column":92}},"51":{"start":{"line":121,"column":52},"end":{"line":121,"column":56}},"52":{"start":{"line":125,"column":12},"end":{"line":141,"column":13}},"53":{"start":{"line":127,"column":16},"end":{"line":130,"column":41}},"54":{"start":{"line":132,"column":16},"end":{"line":132,"column":81}},"55":{"start":{"line":135,"column":16},"end":{"line":138,"column":41}},"56":{"start":{"line":140,"column":16},"end":{"line":140,"column":81}},"57":{"start":{"line":143,"column":12},"end":{"line":143,"column":99}},"58":{"start":{"line":145,"column":12},"end":{"line":145,"column":55}},"59":{"start":{"line":147,"column":12},"end":{"line":147,"column":81}},"60":{"start":{"line":148,"column":12},"end":{"line":148,"column":59}},"61":{"start":{"line":153,"column":8},"end":{"line":177,"column":9}},"62":{"start":{"line":154,"column":12},"end":{"line":154,"column":48}},"63":{"start":{"line":155,"column":24},"end":{"line":155,"column":92}},"64":{"start":{"line":156,"column":12},"end":{"line":156,"column":80}},"65":{"start":{"line":156,"column":22},"end":{"line":156,"column":80}},"66":{"start":{"line":158,"column":29},"end":{"line":158,"column":82}},"67":{"start":{"line":159,"column":12},"end":{"line":167,"column":13}},"68":{"start":{"line":160,"column":16},"end":{"line":162,"column":17}},"69":{"start":{"line":161,"column":20},"end":{"line":161,"column":98}},"70":{"start":{"line":163,"column":19},"end":{"line":167,"column":13}},"71":{"start":{"line":164,"column":16},"end":{"line":166,"column":17}},"72":{"start":{"line":165,"column":20},"end":{"line":165,"column":104}},"73":{"start":{"line":169,"column":31},"end":{"line":169,"column":103}},"74":{"start":{"line":170,"column":12},"end":{"line":170,"column":31}},"75":{"start":{"line":172,"column":12},"end":{"line":174,"column":13}},"76":{"start":{"line":173,"column":16},"end":{"line":173,"column":28}},"77":{"start":{"line":175,"column":12},"end":{"line":175,"column":81}},"78":{"start":{"line":176,"column":12},"end":{"line":176,"column":59}},"79":{"start":{"line":181,"column":8},"end":{"line":247,"column":9}},"80":{"start":{"line":182,"column":12},"end":{"line":182,"column":48}},"81":{"start":{"line":183,"column":24},"end":{"line":183,"column":92}},"82":{"start":{"line":184,"column":12},"end":{"line":184,"column":80}},"83":{"start":{"line":184,"column":22},"end":{"line":184,"column":80}},"84":{"start":{"line":186,"column":29},"end":{"line":186,"column":82}},"85":{"start":{"line":187,"column":12},"end":{"line":195,"column":13}},"86":{"start":{"line":188,"column":16},"end":{"line":190,"column":17}},"87":{"start":{"line":189,"column":20},"end":{"line":189,"column":98}},"88":{"start":{"line":191,"column":19},"end":{"line":195,"column":13}},"89":{"start":{"line":192,"column":16},"end":{"line":194,"column":17}},"90":{"start":{"line":193,"column":20},"end":{"line":193,"column":104}},"91":{"start":{"line":198,"column":27},"end":{"line":198,"column":103}},"92":{"start":{"line":199,"column":12},"end":{"line":237,"column":13}},"93":{"start":{"line":200,"column":30},"end":{"line":200,"column":35}},"94":{"start":{"line":201,"column":16},"end":{"line":208,"column":17}},"95":{"start":{"line":202,"column":20},"end":{"line":207,"column":21}},"96":{"start":{"line":203,"column":24},"end":{"line":206,"column":25}},"97":{"start":{"line":204,"column":28},"end":{"line":204,"column":51}},"98":{"start":{"line":205,"column":28},"end":{"line":205,"column":43}},"99":{"start":{"line":209,"column":16},"end":{"line":236,"column":17}},"100":{"start":{"line":211,"column":40},"end":{"line":211,"column":90}},"101":{"start":{"line":211,"column":76},"end":{"line":211,"column":89}},"102":{"start":{"line":213,"column":42},"end":{"line":213,"column":83}},"103":{"start":{"line":213,"column":70},"end":{"line":213,"column":82}},"104":{"start":{"line":214,"column":36},"end":{"line":214,"column":71}},"105":{"start":{"line":215,"column":57},"end":{"line":215,"column":59}},"106":{"start":{"line":216,"column":20},"end":{"line":216,"column":78}},"107":{"start":{"line":216,"column":47},"end":{"line":216,"column":78}},"108":{"start":{"line":217,"column":33},"end":{"line":217,"column":128}},"109":{"start":{"line":218,"column":20},"end":{"line":228,"column":21}},"110":{"start":{"line":219,"column":36},"end":{"line":219,"column":65}},"111":{"start":{"line":220,"column":24},"end":{"line":220,"column":43}},"112":{"start":{"line":220,"column":34},"end":{"line":220,"column":43}},"113":{"start":{"line":221,"column":39},"end":{"line":221,"column":60}},"114":{"start":{"line":222,"column":24},"end":{"line":222,"column":80}},"115":{"start":{"line":223,"column":24},"end":{"line":223,"column":78}},"116":{"start":{"line":224,"column":24},"end":{"line":224,"column":82}},"117":{"start":{"line":225,"column":24},"end":{"line":225,"column":74}},"118":{"start":{"line":226,"column":24},"end":{"line":226,"column":78}},"119":{"start":{"line":227,"column":24},"end":{"line":227,"column":78}},"120":{"start":{"line":229,"column":20},"end":{"line":229,"column":62}},"121":{"start":{"line":230,"column":20},"end":{"line":230,"column":56}},"122":{"start":{"line":231,"column":20},"end":{"line":231,"column":60}},"123":{"start":{"line":232,"column":20},"end":{"line":232,"column":52}},"124":{"start":{"line":233,"column":20},"end":{"line":233,"column":56}},"125":{"start":{"line":234,"column":20},"end":{"line":234,"column":56}},"126":{"start":{"line":235,"column":20},"end":{"line":235,"column":38}},"127":{"start":{"line":240,"column":12},"end":{"line":240,"column":79}},"128":{"start":{"line":242,"column":12},"end":{"line":244,"column":13}},"129":{"start":{"line":243,"column":16},"end":{"line":243,"column":28}},"130":{"start":{"line":245,"column":12},"end":{"line":245,"column":81}},"131":{"start":{"line":246,"column":12},"end":{"line":246,"column":59}},"132":{"start":{"line":15,"column":13},"end":{"line":15,"column":30}},"133":{"start":{"line":15,"column":13},"end":{"line":249,"column":null}}},"fnMap":{"0":{"name":"(anonymous_4)","decl":{"start":{"line":16,"column":4},"end":{"line":16,"column":null}},"loc":{"start":{"line":18,"column":58},"end":{"line":19,"column":8}}},"1":{"name":"(anonymous_5)","decl":{"start":{"line":21,"column":12},"end":{"line":21,"column":28}},"loc":{"start":{"line":21,"column":39},"end":{"line":25,"column":5}}},"2":{"name":"(anonymous_6)","decl":{"start":{"line":27,"column":4},"end":{"line":27,"column":9}},"loc":{"start":{"line":27,"column":25},"end":{"line":43,"column":5}}},"3":{"name":"(anonymous_7)","decl":{"start":{"line":30,"column":37},"end":{"line":30,"column":38}},"loc":{"start":{"line":30,"column":50},"end":{"line":39,"column":10}}},"4":{"name":"(anonymous_8)","decl":{"start":{"line":44,"column":4},"end":{"line":44,"column":9}},"loc":{"start":{"line":44,"column":75},"end":{"line":85,"column":5}}},"5":{"name":"(anonymous_9)","decl":{"start":{"line":87,"column":4},"end":{"line":87,"column":9}},"loc":{"start":{"line":87,"column":65},"end":{"line":108,"column":5}}},"6":{"name":"(anonymous_10)","decl":{"start":{"line":110,"column":4},"end":{"line":110,"column":9}},"loc":{"start":{"line":110,"column":57},"end":{"line":150,"column":5}}},"7":{"name":"(anonymous_11)","decl":{"start":{"line":152,"column":4},"end":{"line":152,"column":9}},"loc":{"start":{"line":152,"column":79},"end":{"line":178,"column":5}}},"8":{"name":"(anonymous_12)","decl":{"start":{"line":180,"column":4},"end":{"line":180,"column":9}},"loc":{"start":{"line":180,"column":68},"end":{"line":248,"column":5}}},"9":{"name":"(anonymous_13)","decl":{"start":{"line":211,"column":64},"end":{"line":211,"column":65}},"loc":{"start":{"line":211,"column":76},"end":{"line":211,"column":89}}},"10":{"name":"(anonymous_14)","decl":{"start":{"line":213,"column":58},"end":{"line":213,"column":59}},"loc":{"start":{"line":213,"column":70},"end":{"line":213,"column":82}}}},"branchMap":{"0":{"loc":{"start":{"line":22,"column":8},"end":{"line":24,"column":9}},"type":"if","locations":[{"start":{"line":22,"column":8},"end":{"line":24,"column":9}},{"start":{},"end":{}}]},"1":{"loc":{"start":{"line":45,"column":16},"end":{"line":45,"column":24}},"type":"default-arg","locations":[{"start":{"line":45,"column":23},"end":{"line":45,"column":24}}]},"2":{"loc":{"start":{"line":45,"column":26},"end":{"line":45,"column":36}},"type":"default-arg","locations":[{"start":{"line":45,"column":34},"end":{"line":45,"column":36}}]},"3":{"loc":{"start":{"line":48,"column":8},"end":{"line":50,"column":9}},"type":"if","locations":[{"start":{"line":48,"column":8},"end":{"line":50,"column":9}},{"start":{},"end":{}}]},"4":{"loc":{"start":{"line":53,"column":8},"end":{"line":55,"column":9}},"type":"if","locations":[{"start":{"line":53,"column":8},"end":{"line":55,"column":9}},{"start":{},"end":{}}]},"5":{"loc":{"start":{"line":58,"column":8},"end":{"line":62,"column":9}},"type":"if","locations":[{"start":{"line":58,"column":8},"end":{"line":62,"column":9}},{"start":{"line":60,"column":15},"end":{"line":62,"column":9}}]},"6":{"loc":{"start":{"line":58,"column":12},"end":{"line":58,"column":52}},"type":"binary-expr","locations":[{"start":{"line":58,"column":12},"end":{"line":58,"column":42}},{"start":{"line":58,"column":46},"end":{"line":58,"column":52}}]},"7":{"loc":{"start":{"line":60,"column":15},"end":{"line":62,"column":9}},"type":"if","locations":[{"start":{"line":60,"column":15},"end":{"line":62,"column":9}},{"start":{},"end":{}}]},"8":{"loc":{"start":{"line":67,"column":12},"end":{"line":69,"column":13}},"type":"if","locations":[{"start":{"line":67,"column":12},"end":{"line":69,"column":13}},{"start":{},"end":{}}]},"9":{"loc":{"start":{"line":79,"column":12},"end":{"line":81,"column":13}},"type":"if","locations":[{"start":{"line":79,"column":12},"end":{"line":81,"column":13}},{"start":{},"end":{}}]},"10":{"loc":{"start":{"line":88,"column":16},"end":{"line":88,"column":24}},"type":"default-arg","locations":[{"start":{"line":88,"column":23},"end":{"line":88,"column":24}}]},"11":{"loc":{"start":{"line":88,"column":26},"end":{"line":88,"column":36}},"type":"default-arg","locations":[{"start":{"line":88,"column":34},"end":{"line":88,"column":36}}]},"12":{"loc":{"start":{"line":93,"column":12},"end":{"line":101,"column":13}},"type":"if","locations":[{"start":{"line":93,"column":12},"end":{"line":101,"column":13}},{"start":{},"end":{}}]},"13":{"loc":{"start":{"line":113,"column":12},"end":{"line":115,"column":13}},"type":"if","locations":[{"start":{"line":113,"column":12},"end":{"line":115,"column":13}},{"start":{},"end":{}}]},"14":{"loc":{"start":{"line":118,"column":39},"end":{"line":118,"column":92}},"type":"binary-expr","locations":[{"start":{"line":118,"column":39},"end":{"line":118,"column":61}},{"start":{"line":118,"column":65},"end":{"line":118,"column":92}}]},"15":{"loc":{"start":{"line":125,"column":12},"end":{"line":141,"column":13}},"type":"if","locations":[{"start":{"line":125,"column":12},"end":{"line":141,"column":13}},{"start":{"line":133,"column":19},"end":{"line":141,"column":13}}]},"16":{"loc":{"start":{"line":156,"column":12},"end":{"line":156,"column":80}},"type":"if","locations":[{"start":{"line":156,"column":12},"end":{"line":156,"column":80}},{"start":{},"end":{}}]},"17":{"loc":{"start":{"line":158,"column":29},"end":{"line":158,"column":82}},"type":"binary-expr","locations":[{"start":{"line":158,"column":29},"end":{"line":158,"column":43}},{"start":{"line":158,"column":47},"end":{"line":158,"column":82}}]},"18":{"loc":{"start":{"line":159,"column":12},"end":{"line":167,"column":13}},"type":"if","locations":[{"start":{"line":159,"column":12},"end":{"line":167,"column":13}},{"start":{"line":163,"column":19},"end":{"line":167,"column":13}}]},"19":{"loc":{"start":{"line":160,"column":16},"end":{"line":162,"column":17}},"type":"if","locations":[{"start":{"line":160,"column":16},"end":{"line":162,"column":17}},{"start":{},"end":{}}]},"20":{"loc":{"start":{"line":160,"column":20},"end":{"line":160,"column":72}},"type":"binary-expr","locations":[{"start":{"line":160,"column":20},"end":{"line":160,"column":28}},{"start":{"line":160,"column":32},"end":{"line":160,"column":72}}]},"21":{"loc":{"start":{"line":163,"column":19},"end":{"line":167,"column":13}},"type":"if","locations":[{"start":{"line":163,"column":19},"end":{"line":167,"column":13}},{"start":{},"end":{}}]},"22":{"loc":{"start":{"line":164,"column":16},"end":{"line":166,"column":17}},"type":"if","locations":[{"start":{"line":164,"column":16},"end":{"line":166,"column":17}},{"start":{},"end":{}}]},"23":{"loc":{"start":{"line":172,"column":12},"end":{"line":174,"column":13}},"type":"if","locations":[{"start":{"line":172,"column":12},"end":{"line":174,"column":13}},{"start":{},"end":{}}]},"24":{"loc":{"start":{"line":172,"column":16},"end":{"line":172,"column":101}},"type":"binary-expr","locations":[{"start":{"line":172,"column":16},"end":{"line":172,"column":56}},{"start":{"line":172,"column":60},"end":{"line":172,"column":101}}]},"25":{"loc":{"start":{"line":184,"column":12},"end":{"line":184,"column":80}},"type":"if","locations":[{"start":{"line":184,"column":12},"end":{"line":184,"column":80}},{"start":{},"end":{}}]},"26":{"loc":{"start":{"line":186,"column":29},"end":{"line":186,"column":82}},"type":"binary-expr","locations":[{"start":{"line":186,"column":29},"end":{"line":186,"column":43}},{"start":{"line":186,"column":47},"end":{"line":186,"column":82}}]},"27":{"loc":{"start":{"line":187,"column":12},"end":{"line":195,"column":13}},"type":"if","locations":[{"start":{"line":187,"column":12},"end":{"line":195,"column":13}},{"start":{"line":191,"column":19},"end":{"line":195,"column":13}}]},"28":{"loc":{"start":{"line":188,"column":16},"end":{"line":190,"column":17}},"type":"if","locations":[{"start":{"line":188,"column":16},"end":{"line":190,"column":17}},{"start":{},"end":{}}]},"29":{"loc":{"start":{"line":188,"column":20},"end":{"line":188,"column":72}},"type":"binary-expr","locations":[{"start":{"line":188,"column":20},"end":{"line":188,"column":28}},{"start":{"line":188,"column":32},"end":{"line":188,"column":72}}]},"30":{"loc":{"start":{"line":191,"column":19},"end":{"line":195,"column":13}},"type":"if","locations":[{"start":{"line":191,"column":19},"end":{"line":195,"column":13}},{"start":{},"end":{}}]},"31":{"loc":{"start":{"line":192,"column":16},"end":{"line":194,"column":17}},"type":"if","locations":[{"start":{"line":192,"column":16},"end":{"line":194,"column":17}},{"start":{},"end":{}}]},"32":{"loc":{"start":{"line":202,"column":20},"end":{"line":207,"column":21}},"type":"if","locations":[{"start":{"line":202,"column":20},"end":{"line":207,"column":21}},{"start":{},"end":{}}]},"33":{"loc":{"start":{"line":203,"column":24},"end":{"line":206,"column":25}},"type":"if","locations":[{"start":{"line":203,"column":24},"end":{"line":206,"column":25}},{"start":{},"end":{}}]},"34":{"loc":{"start":{"line":209,"column":16},"end":{"line":236,"column":17}},"type":"if","locations":[{"start":{"line":209,"column":16},"end":{"line":236,"column":17}},{"start":{},"end":{}}]},"35":{"loc":{"start":{"line":220,"column":24},"end":{"line":220,"column":43}},"type":"if","locations":[{"start":{"line":220,"column":24},"end":{"line":220,"column":43}},{"start":{},"end":{}}]},"36":{"loc":{"start":{"line":221,"column":40},"end":{"line":221,"column":53}},"type":"binary-expr","locations":[{"start":{"line":221,"column":40},"end":{"line":221,"column":48}},{"start":{"line":221,"column":52},"end":{"line":221,"column":53}}]},"37":{"loc":{"start":{"line":222,"column":49},"end":{"line":222,"column":69}},"type":"binary-expr","locations":[{"start":{"line":222,"column":49},"end":{"line":222,"column":64}},{"start":{"line":222,"column":68},"end":{"line":222,"column":69}}]},"38":{"loc":{"start":{"line":223,"column":46},"end":{"line":223,"column":67}},"type":"binary-expr","locations":[{"start":{"line":223,"column":46},"end":{"line":223,"column":62}},{"start":{"line":223,"column":66},"end":{"line":223,"column":67}}]},"39":{"loc":{"start":{"line":224,"column":48},"end":{"line":224,"column":71}},"type":"binary-expr","locations":[{"start":{"line":224,"column":48},"end":{"line":224,"column":66}},{"start":{"line":224,"column":70},"end":{"line":224,"column":71}}]},"40":{"loc":{"start":{"line":225,"column":44},"end":{"line":225,"column":63}},"type":"binary-expr","locations":[{"start":{"line":225,"column":44},"end":{"line":225,"column":58}},{"start":{"line":225,"column":62},"end":{"line":225,"column":63}}]},"41":{"loc":{"start":{"line":226,"column":46},"end":{"line":226,"column":67}},"type":"binary-expr","locations":[{"start":{"line":226,"column":46},"end":{"line":226,"column":62}},{"start":{"line":226,"column":66},"end":{"line":226,"column":67}}]},"42":{"loc":{"start":{"line":227,"column":46},"end":{"line":227,"column":67}},"type":"binary-expr","locations":[{"start":{"line":227,"column":46},"end":{"line":227,"column":62}},{"start":{"line":227,"column":66},"end":{"line":227,"column":67}}]},"43":{"loc":{"start":{"line":242,"column":12},"end":{"line":244,"column":13}},"type":"if","locations":[{"start":{"line":242,"column":12},"end":{"line":244,"column":13}},{"start":{},"end":{}}]},"44":{"loc":{"start":{"line":242,"column":16},"end":{"line":242,"column":101}},"type":"binary-expr","locations":[{"start":{"line":242,"column":16},"end":{"line":242,"column":56}},{"start":{"line":242,"column":60},"end":{"line":242,"column":101}}]},"45":{"loc":{"start":{"line":17,"column":41},"end":{"line":17,"column":null}},"type":"cond-expr","locations":[{"start":{"line":17,"column":55},"end":{"line":17,"column":null}},{"start":{"line":17,"column":55},"end":{"line":17,"column":null}}]},"46":{"loc":{"start":{"line":17,"column":41},"end":{"line":17,"column":55}},"type":"binary-expr","locations":[{"start":{"line":17,"column":41},"end":{"line":17,"column":null}},{"start":{"line":17,"column":41},"end":{"line":17,"column":55}}]},"47":{"loc":{"start":{"line":17,"column":55},"end":{"line":18,"column":58}},"type":"cond-expr","locations":[{"start":{"line":18,"column":53},"end":{"line":18,"column":58}},{"start":{"line":18,"column":53},"end":{"line":18,"column":58}}]},"48":{"loc":{"start":{"line":17,"column":55},"end":{"line":18,"column":53}},"type":"binary-expr","locations":[{"start":{"line":17,"column":55},"end":{"line":18,"column":58}},{"start":{"line":18,"column":48},"end":{"line":18,"column":53}}]}},"s":{"0":3,"1":3,"2":3,"3":3,"4":3,"5":3,"6":3,"7":3,"8":3,"9":37,"10":37,"11":18,"12":1,"13":2,"14":2,"15":2,"16":1044,"17":2,"18":2,"19":1,"20":5,"21":5,"22":5,"23":2,"24":5,"25":2,"26":5,"27":1,"28":4,"29":4,"30":5,"31":5,"32":3,"33":1,"34":2,"35":3,"36":2,"37":1,"38":1,"39":3,"40":3,"41":3,"42":2,"43":1,"44":1,"45":1,"46":1,"47":4,"48":4,"49":1,"50":3,"51":3,"52":3,"53":1,"54":1,"55":2,"56":2,"57":3,"58":3,"59":1,"60":1,"61":6,"62":6,"63":6,"64":5,"65":1,"66":4,"67":4,"68":2,"69":2,"70":2,"71":2,"72":1,"73":1,"74":1,"75":5,"76":4,"77":1,"78":1,"79":10,"80":10,"81":10,"82":9,"83":1,"84":8,"85":8,"86":3,"87":2,"88":5,"89":5,"90":1,"91":5,"92":5,"93":3,"94":3,"95":4,"96":3,"97":2,"98":2,"99":3,"100":2,"101":3,"102":2,"103":1,"104":2,"105":2,"106":2,"107":3,"108":2,"109":2,"110":1,"111":1,"112":0,"113":1,"114":1,"115":1,"116":1,"117":1,"118":1,"119":1,"120":2,"121":2,"122":2,"123":2,"124":2,"125":2,"126":2,"127":5,"128":5,"129":4,"130":1,"131":1,"132":3,"133":3},"f":{"0":37,"1":18,"2":2,"3":1044,"4":5,"5":3,"6":4,"7":6,"8":10,"9":3,"10":1},"b":{"0":[1,17],"1":[0],"2":[0],"3":[2,3],"4":[2,3],"5":[1,4],"6":[5,1],"7":[4,0],"8":[1,2],"9":[2,1],"10":[0],"11":[0],"12":[1,1],"13":[1,3],"14":[3,1],"15":[1,2],"16":[1,4],"17":[4,2],"18":[2,2],"19":[2,0],"20":[2,1],"21":[2,0],"22":[1,1],"23":[4,1],"24":[5,4],"25":[1,8],"26":[8,3],"27":[3,5],"28":[2,1],"29":[3,2],"30":[5,0],"31":[1,4],"32":[3,1],"33":[2,1],"34":[2,1],"35":[0,1],"36":[1,0],"37":[1,0],"38":[1,0],"39":[1,0],"40":[1,0],"41":[1,0],"42":[1,0],"43":[4,1],"44":[5,4],"45":[3,0],"46":[3,3],"47":[3,0],"48":[3,3]}}
,"D:\\Documents\\8th_semester\\WDP301\\HeathMate_8thsem\\healthmate-backend-public\\src\\routes\\ingredient\\mock-data.ts": {"path":"D:\\Documents\\8th_semester\\WDP301\\HeathMate_8thsem\\healthmate-backend-public\\src\\routes\\ingredient\\mock-data.ts","statementMap":{"0":{"start":{"line":57,"column":0},"end":{"line":57,"column":16}},"1":{"start":{"line":76,"column":0},"end":{"line":76,"column":16}},"2":{"start":{"line":81,"column":0},"end":{"line":81,"column":16}},"3":{"start":{"line":8,"column":0},"end":{"line":8,"column":33}},"4":{"start":{"line":12,"column":13},"end":{"line":14,"column":11}},"5":{"start":{"line":17,"column":13},"end":{"line":27,"column":2}},"6":{"start":{"line":31,"column":16},"end":{"line":31,"column":107}},"7":{"start":{"line":33,"column":2},"end":{"line":40,"column":4}},"8":{"start":{"line":44,"column":13},"end":{"line":54,"column":2}},"9":{"start":{"line":58,"column":15},"end":{"line":58,"column":102}},"10":{"start":{"line":59,"column":16},"end":{"line":59,"column":107}},"11":{"start":{"line":60,"column":15},"end":{"line":60,"column":80}},"12":{"start":{"line":61,"column":20},"end":{"line":61,"column":43}},"13":{"start":{"line":63,"column":2},"end":{"line":72,"column":4}},"14":{"start":{"line":77,"column":2},"end":{"line":77,"column":89}},"15":{"start":{"line":77,"column":45},"end":{"line":77,"column":87}},"16":{"start":{"line":86,"column":2},"end":{"line":92,"column":4}},"17":{"start":{"line":96,"column":13},"end":{"line":100,"column":2}},"18":{"start":{"line":103,"column":13},"end":{"line":103,"column":76}},"19":{"start":{"line":106,"column":13},"end":{"line":109,"column":4}},"20":{"start":{"line":106,"column":85},"end":{"line":109,"column":2}},"21":{"start":{"line":111,"column":13},"end":{"line":114,"column":4}},"22":{"start":{"line":111,"column":85},"end":{"line":114,"column":2}},"23":{"start":{"line":116,"column":13},"end":{"line":119,"column":2}},"24":{"start":{"line":122,"column":13},"end":{"line":161,"column":2}}},"fnMap":{"0":{"name":"generateNutrition","decl":{"start":{"line":30,"column":9},"end":{"line":30,"column":26}},"loc":{"start":{"line":30,"column":39},"end":{"line":41,"column":1}}},"1":{"name":"createMockIngredient","decl":{"start":{"line":57,"column":16},"end":{"line":57,"column":36}},"loc":{"start":{"line":57,"column":80},"end":{"line":73,"column":1}}},"2":{"name":"createMockIngredients","decl":{"start":{"line":76,"column":16},"end":{"line":76,"column":37}},"loc":{"start":{"line":76,"column":66},"end":{"line":78,"column":1}}},"3":{"name":"(anonymous_3)","decl":{"start":{"line":77,"column":39},"end":{"line":77,"column":42}},"loc":{"start":{"line":77,"column":45},"end":{"line":77,"column":87}}},"4":{"name":"createMockPaginatedResult","decl":{"start":{"line":81,"column":16},"end":{"line":81,"column":41}},"loc":{"start":{"line":84,"column":20},"end":{"line":93,"column":1}}},"5":{"name":"(anonymous_5)","decl":{"start":{"line":106,"column":70},"end":{"line":106,"column":80}},"loc":{"start":{"line":106,"column":85},"end":{"line":109,"column":2}}},"6":{"name":"(anonymous_6)","decl":{"start":{"line":111,"column":70},"end":{"line":111,"column":80}},"loc":{"start":{"line":111,"column":85},"end":{"line":114,"column":2}}}},"branchMap":{"0":{"loc":{"start":{"line":31,"column":16},"end":{"line":31,"column":107}},"type":"binary-expr","locations":[{"start":{"line":31,"column":16},"end":{"line":31,"column":75}},{"start":{"line":31,"column":79},"end":{"line":31,"column":107}}]},"1":{"loc":{"start":{"line":57,"column":37},"end":{"line":57,"column":80}},"type":"default-arg","locations":[{"start":{"line":57,"column":78},"end":{"line":57,"column":80}}]},"2":{"loc":{"start":{"line":58,"column":15},"end":{"line":58,"column":102}},"type":"binary-expr","locations":[{"start":{"line":58,"column":15},"end":{"line":58,"column":29}},{"start":{"line":58,"column":33},"end":{"line":58,"column":102}}]},"3":{"loc":{"start":{"line":59,"column":16},"end":{"line":59,"column":107}},"type":"binary-expr","locations":[{"start":{"line":59,"column":16},"end":{"line":59,"column":75}},{"start":{"line":59,"column":79},"end":{"line":59,"column":107}}]},"4":{"loc":{"start":{"line":60,"column":15},"end":{"line":60,"column":80}},"type":"binary-expr","locations":[{"start":{"line":60,"column":15},"end":{"line":60,"column":29}},{"start":{"line":60,"column":33},"end":{"line":60,"column":80}}]},"5":{"loc":{"start":{"line":68,"column":15},"end":{"line":68,"column":42}},"type":"binary-expr","locations":[{"start":{"line":68,"column":15},"end":{"line":68,"column":34}},{"start":{"line":68,"column":38},"end":{"line":68,"column":42}}]},"6":{"loc":{"start":{"line":77,"column":66},"end":{"line":77,"column":86}},"type":"cond-expr","locations":[{"start":{"line":77,"column":73},"end":{"line":77,"column":81}},{"start":{"line":77,"column":84},"end":{"line":77,"column":86}}]},"7":{"loc":{"start":{"line":83,"column":2},"end":{"line":83,"column":18}},"type":"default-arg","locations":[{"start":{"line":83,"column":17},"end":{"line":83,"column":18}}]},"8":{"loc":{"start":{"line":84,"column":2},"end":{"line":84,"column":20}},"type":"default-arg","locations":[{"start":{"line":84,"column":18},"end":{"line":84,"column":20}}]}},"s":{"0":4,"1":4,"2":4,"3":4,"4":4,"5":4,"6":56,"7":56,"8":4,"9":56,"10":56,"11":56,"12":56,"13":56,"14":11,"15":37,"16":7,"17":4,"18":4,"19":4,"20":20,"21":4,"22":12,"23":4,"24":4},"f":{"0":56,"1":56,"2":11,"3":37,"4":7,"5":20,"6":12},"b":{"0":[56,1],"1":[1],"2":[56,38],"3":[56,1],"4":[56,42],"5":[56,50],"6":[2,35],"7":[2],"8":[2]}}
,"D:\\Documents\\8th_semester\\WDP301\\HeathMate_8thsem\\healthmate-backend-public\\src\\routes\\ingredient\\schema\\ingredient.request.schema.ts": {"path":"D:\\Documents\\8th_semester\\WDP301\\HeathMate_8thsem\\healthmate-backend-public\\src\\routes\\ingredient\\schema\\ingredient.request.schema.ts","statementMap":{"0":{"start":{"line":1,"column":0},"end":{"line":1,"column":20}},"1":{"start":{"line":3,"column":13},"end":{"line":14,"column":12}},"2":{"start":{"line":16,"column":13},"end":{"line":27,"column":12}},"3":{"start":{"line":29,"column":13},"end":{"line":33,"column":12}}},"fnMap":{},"branchMap":{},"s":{"0":2,"1":2,"2":2,"3":2},"f":{},"b":{}}
,"D:\\Documents\\8th_semester\\WDP301\\HeathMate_8thsem\\healthmate-backend-public\\src\\routes\\ingredient\\schema\\ingredient.schema.ts": {"path":"D:\\Documents\\8th_semester\\WDP301\\HeathMate_8thsem\\healthmate-backend-public\\src\\routes\\ingredient\\schema\\ingredient.schema.ts","statementMap":{"0":{"start":{"line":1,"column":0},"end":{"line":1,"column":52}},"1":{"start":{"line":2,"column":0},"end":{"line":2,"column":61}},"2":{"start":{"line":7,"column":7},"end":{"line":36,"column":null}},"3":{"start":{"line":7,"column":13},"end":{"line":7,"column":23}},"4":{"start":{"line":10,"column":4},"end":{"line":10,"column":null}},"5":{"start":{"line":13,"column":4},"end":{"line":13,"column":null}},"6":{"start":{"line":16,"column":4},"end":{"line":16,"column":null}},"7":{"start":{"line":19,"column":4},"end":{"line":19,"column":null}},"8":{"start":{"line":23,"column":4},"end":{"line":23,"column":null}},"9":{"start":{"line":26,"column":4},"end":{"line":26,"column":null}},"10":{"start":{"line":29,"column":4},"end":{"line":29,"column":null}},"11":{"start":{"line":32,"column":4},"end":{"line":32,"column":null}},"12":{"start":{"line":35,"column":4},"end":{"line":35,"column":null}},"13":{"start":{"line":7,"column":13},"end":{"line":36,"column":null}},"14":{"start":{"line":37,"column":13},"end":{"line":37,"column":73}}},"fnMap":{},"branchMap":{"0":{"loc":{"start":{"line":35,"column":15},"end":{"line":35,"column":39}},"type":"cond-expr","locations":[{"start":{"line":35,"column":38},"end":{"line":35,"column":39}},{"start":{"line":35,"column":38},"end":{"line":35,"column":39}}]},"1":{"loc":{"start":{"line":35,"column":15},"end":{"line":35,"column":38}},"type":"binary-expr","locations":[{"start":{"line":35,"column":15},"end":{"line":35,"column":24}},{"start":{"line":35,"column":23},"end":{"line":35,"column":30}},{"start":{"line":35,"column":29},"end":{"line":35,"column":38}}]}},"s":{"0":4,"1":4,"2":4,"3":4,"4":4,"5":4,"6":4,"7":4,"8":4,"9":4,"10":4,"11":4,"12":4,"13":4,"14":4},"f":{},"b":{"0":[4,0],"1":[4,4,4]}}
,"D:\\Documents\\8th_semester\\WDP301\\HeathMate_8thsem\\healthmate-backend-public\\src\\routes\\ingredient\\utils\\excel.util.ts": {"path":"D:\\Documents\\8th_semester\\WDP301\\HeathMate_8thsem\\healthmate-backend-public\\src\\routes\\ingredient\\utils\\excel.util.ts","statementMap":{"0":{"start":{"line":4,"column":0},"end":{"line":4,"column":16}},"1":{"start":{"line":1,"column":0},"end":{"line":1,"column":28}},"2":{"start":{"line":2,"column":0},"end":{"line":2,"column":28}},"3":{"start":{"line":5,"column":21},"end":{"line":5,"column":112}},"4":{"start":{"line":6,"column":21},"end":{"line":6,"column":82}},"5":{"start":{"line":8,"column":22},"end":{"line":8,"column":44}},"6":{"start":{"line":9,"column":18},"end":{"line":9,"column":44}},"7":{"start":{"line":12,"column":21},"end":{"line":12,"column":81}},"8":{"start":{"line":13,"column":4},"end":{"line":13,"column":20}}},"fnMap":{"0":{"name":"readExcelFile","decl":{"start":{"line":4,"column":16},"end":{"line":4,"column":29}},"loc":{"start":{"line":4,"column":29},"end":{"line":14,"column":1}}}},"branchMap":{},"s":{"0":3,"1":3,"2":3,"3":2,"4":2,"5":2,"6":2,"7":2,"8":2},"f":{"0":2},"b":{}}
}
