TN:
SF:src\routes\ingredient\ingredient.controller.ts
FN:12,(anonymous_4)
FN:15,(anonymous_5)
FN:22,(anonymous_6)
FN:28,(anonymous_7)
FN:34,(anonymous_8)
FN:43,(anonymous_9)
FN:53,(anonymous_10)
FNF:7
FNH:7
FNDA:18,(anonymous_4)
FNDA:1,(anonymous_5)
FNDA:1,(anonymous_6)
FNDA:5,(anonymous_7)
FNDA:2,(anonymous_8)
FNDA:2,(anonymous_9)
FNDA:2,(anonymous_10)
DA:1,2
DA:2,2
DA:4,2
DA:6,2
DA:7,2
DA:8,2
DA:11,2
DA:12,18
DA:15,2
DA:16,1
DA:17,1
DA:22,2
DA:23,1
DA:28,2
DA:29,5
DA:34,2
DA:39,2
DA:43,2
DA:49,2
DA:53,2
DA:58,2
LF:21
LH:21
BRDA:15,0,0,2
BRDA:15,0,1,0
BRDA:15,1,0,2
BRDA:15,1,1,2
BRDA:22,2,0,2
BRDA:22,2,1,0
BRDA:22,3,0,2
BRDA:22,3,1,2
BRDA:22,4,0,2
BRDA:22,4,1,0
BRDA:22,5,0,2
BRDA:22,5,1,2
BRDA:22,6,0,2
BRDA:22,6,1,0
BRDA:22,7,0,2
BRDA:22,7,1,2
BRDA:28,8,0,2
BRDA:28,8,1,0
BRDA:28,9,0,2
BRDA:28,9,1,2
BRDA:28,10,0,2
BRDA:28,10,1,0
BRDA:28,11,0,2
BRDA:28,11,1,2
BRDA:28,12,0,2
BRDA:28,12,1,0
BRDA:28,13,0,2
BRDA:28,13,1,2
BRDA:35,14,0,2
BRDA:35,14,1,0
BRDA:35,15,0,2
BRDA:35,15,1,2
BRDA:35,16,0,2
BRDA:35,16,1,0
BRDA:35,17,0,2
BRDA:35,17,1,2
BRDA:38,18,0,2
BRDA:38,18,1,0
BRDA:38,19,0,2
BRDA:38,19,1,2
BRDA:44,20,0,2
BRDA:44,20,1,0
BRDA:44,21,0,2
BRDA:44,21,1,2
BRDA:44,22,0,2
BRDA:44,22,1,0
BRDA:44,23,0,2
BRDA:44,23,1,2
BRDA:45,24,0,2
BRDA:45,24,1,0
BRDA:45,25,0,2
BRDA:45,25,1,2
BRDA:48,26,0,2
BRDA:48,26,1,0
BRDA:48,27,0,2
BRDA:48,27,1,2
BRDA:54,28,0,2
BRDA:54,28,1,0
BRDA:54,29,0,2
BRDA:54,29,1,2
BRDA:54,30,0,2
BRDA:54,30,1,0
BRDA:54,31,0,2
BRDA:54,31,1,2
BRDA:57,32,0,2
BRDA:57,32,1,0
BRDA:57,33,0,2
BRDA:57,33,1,2
BRDA:12,34,0,2
BRDA:12,34,1,0
BRDA:12,35,0,2
BRDA:12,35,1,2
BRF:72
BRH:54
end_of_record
TN:
SF:src\routes\ingredient\ingredient.dto.ts
FNF:0
FNH:0
DA:1,2
DA:2,2
DA:4,2
DA:6,2
DA:8,2
LF:5
LH:5
BRF:0
BRH:0
end_of_record
TN:
SF:src\routes\ingredient\ingredient.error.ts
FN:4,(anonymous_0)
FN:13,(anonymous_1)
FNF:2
FNH:2
FNDA:7,(anonymous_0)
FNDA:8,(anonymous_1)
DA:1,4
DA:3,4
DA:5,7
DA:12,4
DA:14,8
LF:5
LH:5
BRDA:4,0,0,1
BRDA:13,1,0,1
BRF:2
BRH:2
end_of_record
TN:
SF:src\routes\ingredient\ingredient.module.ts
FNF:0
FNH:0
DA:1,1
DA:2,1
DA:3,1
DA:4,1
DA:5,1
DA:6,1
DA:7,1
DA:20,1
LF:8
LH:8
BRF:0
BRH:0
end_of_record
TN:
SF:src\routes\ingredient\ingredient.repo.ts
FN:10,(anonymous_4)
FN:14,(anonymous_5)
FN:18,(anonymous_6)
FN:22,(anonymous_7)
FN:26,(anonymous_8)
FN:30,(anonymous_9)
FN:63,(anonymous_10)
FN:67,(anonymous_11)
FN:103,(anonymous_12)
FN:112,(anonymous_13)
FN:116,(anonymous_14)
FN:120,(anonymous_15)
FNF:12
FNH:12
FNDA:25,(anonymous_4)
FNDA:1,(anonymous_5)
FNDA:1,(anonymous_6)
FNDA:2,(anonymous_7)
FNDA:1,(anonymous_8)
FNDA:2,(anonymous_9)
FNDA:2,(anonymous_10)
FNDA:4,(anonymous_11)
FNDA:2,(anonymous_12)
FNDA:1,(anonymous_13)
FNDA:2,(anonymous_14)
FNDA:2,(anonymous_15)
DA:1,4
DA:2,4
DA:3,4
DA:5,4
DA:9,4
DA:11,25
DA:15,1
DA:19,1
DA:23,2
DA:27,1
DA:36,2
DA:38,2
DA:39,1
DA:45,2
DA:54,2
DA:64,2
DA:74,4
DA:75,4
DA:77,4
DA:78,1
DA:84,4
DA:94,4
DA:107,2
DA:113,1
DA:117,2
DA:121,2
LF:26
LH:26
BRDA:33,0,0,0
BRDA:38,1,0,1
BRDA:38,1,1,1
BRDA:71,2,0,0
BRDA:77,3,0,1
BRDA:77,3,1,3
BRDA:116,4,0,1
BRDA:120,5,0,1
BRDA:11,6,0,4
BRDA:11,6,1,0
BRDA:11,7,0,4
BRDA:11,7,1,4
BRF:12
BRH:9
end_of_record
TN:
SF:src\routes\ingredient\ingredient.service.ts
FN:16,(anonymous_4)
FN:21,(anonymous_5)
FN:27,(anonymous_6)
FN:30,(anonymous_7)
FN:44,(anonymous_8)
FN:87,(anonymous_9)
FN:110,(anonymous_10)
FN:152,(anonymous_11)
FN:180,(anonymous_12)
FN:211,(anonymous_13)
FN:213,(anonymous_14)
FNF:11
FNH:11
FNDA:37,(anonymous_4)
FNDA:18,(anonymous_5)
FNDA:2,(anonymous_6)
FNDA:1044,(anonymous_7)
FNDA:5,(anonymous_8)
FNDA:3,(anonymous_9)
FNDA:4,(anonymous_10)
FNDA:6,(anonymous_11)
FNDA:10,(anonymous_12)
FNDA:3,(anonymous_13)
FNDA:1,(anonymous_14)
DA:1,3
DA:2,3
DA:4,3
DA:5,3
DA:8,3
DA:9,3
DA:10,3
DA:11,3
DA:15,3
DA:17,37
DA:18,37
DA:22,18
DA:23,1
DA:28,2
DA:29,2
DA:30,1044
DA:40,2
DA:41,2
DA:42,1
DA:45,5
DA:47,5
DA:48,5
DA:49,2
DA:53,5
DA:54,2
DA:58,5
DA:59,1
DA:60,4
DA:61,4
DA:64,5
DA:65,5
DA:67,3
DA:68,1
DA:71,2
DA:79,3
DA:80,2
DA:82,1
DA:83,1
DA:88,3
DA:90,3
DA:91,3
DA:93,2
DA:94,1
DA:103,1
DA:105,1
DA:106,1
DA:111,4
DA:113,4
DA:114,1
DA:118,3
DA:121,3
DA:125,3
DA:127,1
DA:132,1
DA:135,2
DA:140,2
DA:143,3
DA:145,3
DA:147,1
DA:148,1
DA:153,6
DA:154,6
DA:155,6
DA:156,5
DA:158,4
DA:159,4
DA:160,2
DA:161,2
DA:163,2
DA:164,2
DA:165,1
DA:169,1
DA:170,1
DA:172,5
DA:173,4
DA:175,1
DA:176,1
DA:181,10
DA:182,10
DA:183,10
DA:184,9
DA:186,8
DA:187,8
DA:188,3
DA:189,2
DA:191,5
DA:192,5
DA:193,1
DA:198,5
DA:199,5
DA:200,3
DA:201,3
DA:202,4
DA:203,3
DA:204,2
DA:205,2
DA:209,3
DA:211,3
DA:213,2
DA:214,2
DA:215,2
DA:216,3
DA:217,2
DA:218,2
DA:219,1
DA:220,1
DA:221,1
DA:222,1
DA:223,1
DA:224,1
DA:225,1
DA:226,1
DA:227,1
DA:229,2
DA:230,2
DA:231,2
DA:232,2
DA:233,2
DA:234,2
DA:235,2
DA:240,5
DA:242,5
DA:243,4
DA:245,1
DA:246,1
LF:125
LH:125
BRDA:22,0,0,1
BRDA:22,0,1,17
BRDA:45,1,0,0
BRDA:45,2,0,0
BRDA:48,3,0,2
BRDA:48,3,1,3
BRDA:53,4,0,2
BRDA:53,4,1,3
BRDA:58,5,0,1
BRDA:58,5,1,4
BRDA:58,6,0,5
BRDA:58,6,1,1
BRDA:60,7,0,4
BRDA:60,7,1,0
BRDA:67,8,0,1
BRDA:67,8,1,2
BRDA:79,9,0,2
BRDA:79,9,1,1
BRDA:88,10,0,0
BRDA:88,11,0,0
BRDA:93,12,0,1
BRDA:93,12,1,1
BRDA:113,13,0,1
BRDA:113,13,1,3
BRDA:118,14,0,3
BRDA:118,14,1,1
BRDA:125,15,0,1
BRDA:125,15,1,2
BRDA:156,16,0,1
BRDA:156,16,1,4
BRDA:158,17,0,4
BRDA:158,17,1,2
BRDA:159,18,0,2
BRDA:159,18,1,2
BRDA:160,19,0,2
BRDA:160,19,1,0
BRDA:160,20,0,2
BRDA:160,20,1,1
BRDA:163,21,0,2
BRDA:163,21,1,0
BRDA:164,22,0,1
BRDA:164,22,1,1
BRDA:172,23,0,4
BRDA:172,23,1,1
BRDA:172,24,0,5
BRDA:172,24,1,4
BRDA:184,25,0,1
BRDA:184,25,1,8
BRDA:186,26,0,8
BRDA:186,26,1,3
BRDA:187,27,0,3
BRDA:187,27,1,5
BRDA:188,28,0,2
BRDA:188,28,1,1
BRDA:188,29,0,3
BRDA:188,29,1,2
BRDA:191,30,0,5
BRDA:191,30,1,0
BRDA:192,31,0,1
BRDA:192,31,1,4
BRDA:202,32,0,3
BRDA:202,32,1,1
BRDA:203,33,0,2
BRDA:203,33,1,1
BRDA:209,34,0,2
BRDA:209,34,1,1
BRDA:220,35,0,0
BRDA:220,35,1,1
BRDA:221,36,0,1
BRDA:221,36,1,0
BRDA:222,37,0,1
BRDA:222,37,1,0
BRDA:223,38,0,1
BRDA:223,38,1,0
BRDA:224,39,0,1
BRDA:224,39,1,0
BRDA:225,40,0,1
BRDA:225,40,1,0
BRDA:226,41,0,1
BRDA:226,41,1,0
BRDA:227,42,0,1
BRDA:227,42,1,0
BRDA:242,43,0,4
BRDA:242,43,1,1
BRDA:242,44,0,5
BRDA:242,44,1,4
BRDA:17,45,0,3
BRDA:17,45,1,0
BRDA:17,46,0,3
BRDA:17,46,1,3
BRDA:17,47,0,3
BRDA:17,47,1,0
BRDA:17,48,0,3
BRDA:17,48,1,3
BRF:94
BRH:76
end_of_record
TN:
SF:src\routes\ingredient\mock-data.ts
FN:30,generateNutrition
FN:57,createMockIngredient
FN:76,createMockIngredients
FN:77,(anonymous_3)
FN:81,createMockPaginatedResult
FN:106,(anonymous_5)
FN:111,(anonymous_6)
FNF:7
FNH:7
FNDA:56,generateNutrition
FNDA:56,createMockIngredient
FNDA:11,createMockIngredients
FNDA:37,(anonymous_3)
FNDA:7,createMockPaginatedResult
FNDA:20,(anonymous_5)
FNDA:12,(anonymous_6)
DA:8,4
DA:12,4
DA:17,4
DA:31,56
DA:33,56
DA:44,4
DA:57,4
DA:58,56
DA:59,56
DA:60,56
DA:61,56
DA:63,56
DA:76,4
DA:77,37
DA:81,4
DA:86,7
DA:96,4
DA:103,4
DA:106,20
DA:111,12
DA:116,4
DA:122,4
LF:22
LH:22
BRDA:31,0,0,56
BRDA:31,0,1,1
BRDA:57,1,0,1
BRDA:58,2,0,56
BRDA:58,2,1,38
BRDA:59,3,0,56
BRDA:59,3,1,1
BRDA:60,4,0,56
BRDA:60,4,1,42
BRDA:68,5,0,56
BRDA:68,5,1,50
BRDA:77,6,0,2
BRDA:77,6,1,35
BRDA:83,7,0,2
BRDA:84,8,0,2
BRF:15
BRH:15
end_of_record
TN:
SF:src\routes\ingredient\schema\ingredient.request.schema.ts
FNF:0
FNH:0
DA:1,2
DA:3,2
DA:16,2
DA:29,2
LF:4
LH:4
BRF:0
BRH:0
end_of_record
TN:
SF:src\routes\ingredient\schema\ingredient.schema.ts
FNF:0
FNH:0
DA:1,4
DA:2,4
DA:7,4
DA:10,4
DA:13,4
DA:16,4
DA:19,4
DA:23,4
DA:26,4
DA:29,4
DA:32,4
DA:35,4
DA:37,4
LF:13
LH:13
BRDA:35,0,0,4
BRDA:35,0,1,0
BRDA:35,1,0,4
BRDA:35,1,1,4
BRDA:35,1,2,4
BRF:5
BRH:4
end_of_record
TN:
SF:src\routes\ingredient\utils\excel.util.ts
FN:4,readExcelFile
FNF:1
FNH:1
FNDA:2,readExcelFile
DA:1,3
DA:2,3
DA:4,3
DA:5,2
DA:6,2
DA:8,2
DA:9,2
DA:12,2
DA:13,2
LF:9
LH:9
BRF:0
BRH:0
end_of_record
